





LUURDDLUURDDLURD















DDLLURDR

RDLURUULLLLDDDRULUURRRRDDD















DRRUUULLDRRDDLLUUURDRDDLLUURRDD



DRRUUULDLURDLDDRR



















































URDRRURDDLUURDD







RRDLURUULLDDDRURUULLDDDRRD




RRDDDLLUUURRDDDLULDRULUURRDDLLDRURUULLDDRRUULLDDRDR





ULLDRRUULDDLURRDLLURDDRUUULDDRD









RULDLUURDDRD








RRDLLDRULURDRD















LULDRRRRUULLLDDRRR






LLURDRDDLLUURRDDLLUURURDLLDDRRUULLDDRRUULLURDLDDRR















































URULDRRULDRD
















RURULDRDLUURDLULLLDRDRRUULLLDRURRRDD



















ULDLLUURRDDR














ULDLULDRRULLURDDLURRDR




























UULDLDRUULDDRURULDLURRDD






















LUURRRDLDRULLDRUURDD












DRRRUULLDDRRDLULUURRDDLDRUUULLDDRRD








RDLURURULDLDRDR

UUURDLURRRUULLLDDRRRUULLLDDRDLUUURRRDDLLDLUUURRRDDLLLDRULDDDRRURD
URRDDLUURDLULDRULUURRDDDD












ULLDRRULLUURRDDLDR

LULLLDDRRURULLLDDRRURRD





















































RDDLURULDRURDD























RRUURDDLURULDDRULURDD




LLURRDLDRUUULDLDRURDDLUURDDRR

DLURDLDRULURDDRURD





DRUULDLDLUULDRRRRDLLLURRDR



UULDDLURULDRURDDLURD














RDLULURRDDDLUUULDRDRD












LDRURRDLDRUULDDR


RURUULLDDRRUULLDDRDRULLUURRDDDLLUUURRDDLLDRRULDR




















ULLDRRRDLLUURDLDRRULDR


URDRULDDLUURDLDRURDLLURDR
















ULDRULLDRURDDRDD



















RRRDDLURULDDLLUURRDDR



LLURRDLLURDRRULLDRRULDLUURDRD































































DLLULDRULURRRDDLLLUURDDRRUULLDDRRUULLDDLURULDRURRDD
UURRUULDRDLULDRURULDRDDD















LDRDLLURURDD
UURRDLURDRD





















URDRRUULLDLDRRRUULLDLDRRR


































DDLLLUURRRDDLLLUURRRDDLLLUURRRDD





DLLULDRURUULLURRRDLDDRD

































LURRDDDLLUULLDDRRUUURRDDD










RULDRDDD







DDRRUULLDDRR

DRRULLDRURDDR





RDDDRUUULDDDLDRR















URDDLURDLLLLUURRRDRDLLLLUURRRRDD


























RUULLDDRRUULLLDDRUURRDDLLULURRRDD










RURDLDLUURRDD



















UULLLURDLDDRRURDLUURDDLUULLDDRRR



















DRULLURDDLURURDD




LURRRULURDDLURULDRDRD





DRURULDDRUULLDRDLURDR
































LLDRRRULLULDDRRULDRR




UURDDDRULDLURDRULULDDRR


RDLULDRURRDLUURDD

























ULDRDLLURRDLURULLDDRR





















LURDDLURULLLDRRDRUULDLURRDD
ULUURDLULDRDDLUURRDD









LDDDLUUURDDDR









































DLLLUURRRDDLLLUURRRDDLLLUURRRDDLLLUURRRDD























DLLULURDRDLLURURRDLLDRR












RDRUULDDLURULLDRRRDR


























URULDRRURRDDDLLLLUURURRRDDD










DRULURDLDRURULLDRRDLUURDD




URRRDDLLLUURRRDDLLLUURRRDD


DDRDRULDRRULDLLUUURRDDLDLURRRD









DRUURDDLULURRDDLLUURDDR



DDLURULDDR



UURRDDLLUURRDDDLLUURDDLURRDLLURRD

















RURDLURULDRDLLLUURRDRRDLLURRD


DRUURULDRDLLURRULDRDDLUURDDLURD
URDLUULDDRRULULDRURDD





























DLUULDRDLLURURDRDLUURDD











URURRDDLLULDRUURRDD




















LDDRULLLDRRUURDDLLURDR






RULULDRUULDRDDLURRDLURD











DRRDLUULDLDRRUULDDRURD
















LLDDRRUULLDDRRRULULLDDRRRULDRUULDRD























LDLUURDRDLLUURURULLLDDRRDDR












RRRRDD













LLLURURRDDLLURRD

URULLDRDLURDR






































































RRULLDDRURDLURULDRD





















RDLURULDLURRDDLUULDRRD





















DDLURURRDRULDDRULURDDLURULDDR










RRRDRUULDRD


URDLDRRUULDLURDDLURDR











LURDDLDLLUUULDRURRDRDLDR





























RDDLLULDRUURRRDD




LUULDRURDDLUULDDRUURDD


































UURRDDDLULDRRUUULLDDRDRUUULLDDDRURUULLDDRDR












RDLLUURDDLURRULDRRD























RDLURRDDLULURRDRDLLULURRDRDLURD


























LDDDRULDRRRRUULLURRDLLURDRDD









RRRD




ULDRDRULURDDLULURRDD
































RRRRULLUULLDRURRDRDD



































ULDLLDRRRUULDLDRR












LDRURDLDLUURRDDLURDDLURD



















URDDDLURULLDRULDDRRUUULLDDDRR



















DRULURDLDRULURRRRDD




DLULDRURDRDDLDRULDLURRDLURD












LUUURDDDLUUURDDDRRURD








RDLDDRULDLURDRUUULDDDR
















DDRULDRRULDLULURDRULDLURDRDR





DDLURDDDRULLURURULDLDDRDR
URRDDLLLURDLUURRRDD






















RURDLULLDRDRRULULDRDLURDR





UURULDDDRUULDDRRULLUURDRDD












ULULLDRRURDD








DRURULLDDRRULURDLLDRR


LDRUURDDLLURDRULURDLLDRR


































































LDRULLDRRDLLLURRRULDRD
























DLUURDD



DDRUULLDLDRDRRUULDDR


LDRRURDLDRULURDLDR














LURDDDLLULUURRDRDDLLULUURRDRULLLDDRDRRUUULDRDDLLULUURRRDDD





LDLLULDRUULURURRDDRDD







DDLULDRURDLULDRURD














ULDDDLUURULDRRULLDDRDRULULDDRR


















DDLURURDDRUULDRD
















DDRRRUULULDLURDRRDD





RULDRRULDLURRRRDDLURD


DDDLURULDDRRRUUULLDRRRDD



DDLLUURRDDLDRULLUURRDDLDR

ULDRUUUULLDDDRRDLURD

















LLURRDLUULLDDRUULDDRRUURDLDR











RRUULLDDRRUULLURDRULLDDDRR



















DRULURDDLUURDRRDR



RDDLUURRRDDLLUULDDRRRUULLLDDRUURRDD







DDRRRRUULLULLDDDRRRR





















UUURRDDDLLUUURDRULLDDDRRUULLDDRRUULULDRURDDD


DLURRRDDDLLLUURURRDDDLLLUURULDRURRDDD







ULDDRULDLURURDLULDRURDD






























DLURDLLURRUULLDDDRRULLDRR




RRULLDLURDRDRUULLLDRURDDRULLLURRRDD








UURRULDLURRDLDDRUULURDDD





ULDRRULDLURRDDD













RDDRULDLLUURRRDD



ULULDRRULLDDDRRUULURDDD
RUULDRRULDRDLLUURDLDDRR





















DDLULUURRDDD
URDDDRULLDRRULLDRRUULDRD




DDLDLURRRDLLULDRURRD













UUULDRDLURRDLDRUULDLUURDDDRUULDRD





ULUURRDDLDRUUULLDDRRDLURUULLDDRRDLURD





UULDLURDRD









LLURDDDLDRRULLDRRULDR
DDRUULLDRDR







LULURDLDRULLURDLDRULURDRRULDDR










































RRRDDLLULURDDRRUULLLDRDRR











RRDDLLDRRUUULLDDDRURUULLDDDRRUUULLDDDRRULLUURRDDD


DDLLLULURRDLLURRDDLULURDRURRDD











DDRRUULLURDRDDLLUURRDD



















































RDDLUUURDDDRULDLURRDR
















DDDLULUURRDDDLDRUULDDR


DLLUUURDDDDRUULLDRRD











UULLDRRDLURD














LDDRRUULLDDRURD






LUURRDDLLUURRRDDLLLUURRDDRUULLLDDRRUULLDDRRURULDRD























RUUURDLDDR





















LUURRDDLLUURRDDLLUUURRDLULDDDRRUULLDDRRUUULLDRRULLDDDRR

































DLDLUULDRRRD












DDLUURULLDRURDDLDRUULDRUULLDRRULDRDD



DRUUULLLDDDRRRULURULDDDR






RDLULLURRRDD

















RRURDDLUURDLULDDRR




RDLDRULURULDRDLUURDRDLURDD





DRULDLURDRDDLLUURRULDLDDRR







RRRDDLLUUURRDLLLDRUURDRDD
UULDLDRURRD



























ULDLDDRRULUULDRRDD








































DDDLLLULUURRDDDLLUUURRRRDDD
RDDLLURRDLLUURDDLUURRDLURDD












LULDLURDRURDLULLDRRURULLDRRD
LULDDRULURDDRRR


DDDRRURURULDRDDLUURDD




























DDLLUURRDDRULULLDDRRUULLDDRRRUULLLDDRRR





UURDDRUULURULLDDDDRR























DDDLULUURULDRURDDDD



















RUULLDDRRUULLDDLUURDDRRUULLDLDRRRUULLLDRDRRUULLDDRR




































LURDR












RUURDDLDLUURDDLUUURRDDD






ULDLUURDDLURDRULDLURRD






















LLDRR


















RUUULDLDRRULDDRUULULDDRRUULDRDD





DRURDLLLURRRDLLULDRURURDDLLURDRUULDDR





























DLULLDRDLDRDRR

















UULDDRULDRRULDLUURDRD











LUURDLDRULULLDLDRRRR

ULDRRULLURDDLURULDDRURD
































UULDDRURULLDDRURULDDR




LUURDLDLLLUURRDDRR


















RDLLULDRDRRULDLUURRDD


URRDDLLUURRRDDLLLUURRRDDLUULLDDRRUULLDDRRRULDR








LDRDLULURRDDLULURRDLLURRDD



UULLDDRRURRDLURD
ULURDDDLLLUUURRDRULLLDDDRRR










LDRRULLDDDRRUULLURRDDD











































UURDDRULLURDDLDRR
















RDDLLUULDDRUURRDDLLLUURRRDDLLLUURRRDDLLUULDRDLURURRDD




















DDDRURDLLUUURRDDLLUURRDDLDLURRUULLDDRDLURDR








































LDDLULDRRRULURDD





























DDRDLURULULDDRDR




URDLURRDDRURDLLULURRDRDLURD


































RDLLDRRULLDRRRUULDLDRRULDR



DDRULLURURDDLLDRUUURDDDLURULLDDRR















DDRUULLURDDRDLULDRULUURDDDRUULDDR





ULLURDDRUUULDRDLLURURDDLDR
LDRRULDRDDLUUULDDDRR




DRDDLLUUURDRDD




DDDLLURULDDRURDLULURURDDD


































DDLDRURDLUULDDRR



LUULDRRDLDLUUURRDLURDDDLURD
























URULDRDRDLUURDDLURD
DRDLUURDDRRUULLDDLURULDDRRRUULURDDD


















DRDD
























ULDDLUULDDRRURULLDRULDDRR


RDDLUUURRDLULDRDLURURDLDDDR







































UULULDRURDDDLDLURRDLULDRRULDR








URURRDLULDRDLUULDDRRR











ULULDRDRUULLDRDRRULLURRDD


























RRDDLUULDRURDDLUULURDLDRUURDDD





































LDDRRDLURUULLDDRRD









DDLLURRD









RURURDLLURDRULDLLDRRR











DLUULDDRUULDRRDLLUURDDR

















DRULLDRRDDLLUUURDLULDRURDRDD
RUULDLDRULUURDDLUURRDDD














URRDDDLURUULLDDDRR























DLURULDDR





DLULDDRDRUUULLDRDRUULDDRDLULUURDRDD




URRDDDLURUULLLDDDRRURD






LDDRRUULLDDRRRULDLLUURRDRD















RRDDLLLUURRRDDLLLUURRRDDLLLUURRRDD

RURDDLLURURDDLUURDDLULDRR















DDLURDDLUUURURRDDDD










RULURRDDLLUURDRULDDR










DLUULDDRUULDDRRURDLULDRR





























UURDDRRULLURDLDRULLDRRRULLURRDD















DRRDLLUURDDLURRD


ULUULDRRDLDLUUURDRDDLLUURDRD
ULDDRDLLUURDLDRURULURDDDLLURURULDDRD














ULUURDDDLULURURDDDLULURDRD



ULDDRUUULDDDRULDLURRUULDRDD



















RURDLULDLURDDRURRD








DDLLURRDLUURDD

LLLDRDRRUULLLDRDRRUULLDDRRUULLDLDRUURRDDLLUURRDD










DLLULDRRURD




























DDRURDLULDDRUURULLDRRULDRDDLULUURDDRD












DLDLUURRRDLULDDLURDRUULLDRURRDD





LURULDRDRR



DLLDLDRRRUUULDRDD




LLDRRULDR


















URRRDDLUULLUURRRDDDD





















ULURDLLDRDRUULDDRUUULLDRDRULURDLULDDRRD










RDLLURDDLUURDDLURURDD







RURDLDRDLURUULLDRRULDLURDDRDLURD









ULLDDRRRULDLLUURRDRDLUULLDDRRR






DDLULUURRDDLLUURRDDDLLURRDLURD

































































LLLUURRRDDLLLUURRDRD
DRULULLDDRRRULULLDDRRRULULLDDRRURDLUULLDDRRRULDR














URRRDDLLUULLDRDRULURDLLDRRRR









DLDRURDLURULDRDLLURRULDDR
RRUULLURDRULDLURDDRD








































URRRDDLLULURDDRRUULLDDRRURD

DDLUURDLLURRULDDRUULDDDR











ULULDRURRRDLDR



ULDDLUURDRUURDDD


RUULDDRDLLURRDLLURRULDRD

























URDDLUURRDLLURRDLURDDLURD









URDLLURDRULLDRUURDD





RDLULURRDDLLURURDD
DDRRUUULDLDDRRUUULDLDDRRUULURDDDLLUURURDDD







RDDLLDDRRUULLDDRR
UURRDDDLLUUURRDDD




























ULDRUULLDDRURULLDRDR




















UULDDRULURDDLUURRRDD





DDLURULLDRURDD










DRULDDRUULLDRURDLDR










RULLURURDDLDR








































URDD








URRRDDLLUURRDDLLULURRRDD

































LLULDRRURULLDLDRRUURDLDR

RULDRRULULDRURDD















DDLURULDRDLURUULDDRUULDDDR








DDDRRUUULLDDDRR



UURDDLLURDRUULDLDRRUULDRD
ULDRULUURRDLLURRDDDLURD



































































































URDLLDRULULDDRRRUULDRD




DDLUULDRULURDDRDLLUURRDDLULURULDRDRD



























RURRULDDRULURDD




























LULDRUURULDLURRDDD










DRDLUURDLULDRRD














































































DLUULDLURDLDRRRUULLLDDRURDRUULDDR


LDRURUULLDDRDRULLUURRDDLLUURRDDLDLUUURRDDDLULUURRDDD





RDLLLLURULDDRUULDDRRRUURDD




RDLULDRRD






RRRDLDLLLUURRRDDRUULLLLDDRRRR











LDLLURDDLURULDRDLURURRDLURDD
DLDRRUULDRDLULDRRR





URDLURRDLLURDDRUULDDLURDR


















RULDRDDLLUURURDDDLLUURURDDD



DLDDLURRUULDRDDLLURDRULUURDDDLLURURDD







RDLLURULDDRRULULLLDDRRURDR











UURRDDLLUURRDDRULDLLUURRDDRUULLLDDRRUULLDDRRR






LDRDRULDLUURRDDLURD















LURUURULLLDDDRURDRD



LLDDRRRUULLULDDRDRR













DDRRUUULLDDDRRUUULLDDDRRUUULLDDDRR



DDRRURDLUULLDDRRRULULLDDRRR












UURDLURRDLULDDRDRD




DRUULULDRDDR
















LURRURDDRULLDRUURDD














RRDDLLUURRDDDLULUURRDDLLUURRDDD


DRUULDDRULLLURRRDDLLURDR































DDLLLUURURRDDRUULDDRD








RRUULLDLDRRR









LURDLUURDD











LURDLDDDRR











URRDLLURDRULDDDLDRR








































DLDRUURRDDLLULURDDRRUULLDDRRUULLLDRULDDRUURRDD
UURRDRULLDDRRULDLURULDLURRDLLDRUURRDD








DLLURRDLLURRDDLUURDD

DRURUUULLDDDRDRULLUUURRDDDLLUUURRDDDD






















UUUULDRDDDLULUURURDDDD





DRRULLURDDRDLLUURRDD












UUURDDLURDLDDLURRD

DRRRRULDLURURDDLLURDR




DDDRRRULURDLLDRRUULDLLUURRDRDD


DRDLLUUUURRRDDDDLURULDRD









DDRRURULDDLLUURRDRULDDRULDLLUURRRDDLLLUURRDDRUULLLDDRRR
URULDLDRRURDLLUURDDR









ULDDRUULDDRULDDRUURULDLDDRR














DDDLLDRUURUULLDDRRDD



LLDDRRR



















LURULDRRURDD










LUULDRRUULDLURDRULLDDRRD
LURDDLULDRURDLULURRDD



UUULDDRDLUURDLDRULURDLUURDDD
















































DDRULURDLLDRUULURDLDRDR

RRULLDRRDDLLUURRULDLDDRRUULLDDRR











DDLDLUUURDDRUULDDLURRDLDLUURDDRUULDRD










UURRRRDDLLUURRDDLLUURRDDLLLLUURRRRDDLLLLUURRRRDDLLLLUURRDDRRUULLDDRR

DLLDRUURRDDLURULLLDDRURURDD



